<?xml version="1.0" encoding="UTF-8"?>
<!-- Generated by org.testng.reporters.JUnitXMLReporter -->
<testsuite ignored="0" hostname="EPINCHEW0013" failures="0" tests="4" name="Default test" time="0.11" errors="0" timestamp="2023-06-15T20:08:06 IST">
  <testcase classname="Model.Interview" name="duplicate" time="0.02"/>
  <testcase classname="Model.Interview" name="hello" time="0.003"/>
  <testcase classname="Model.Interview" name="occurence" time="0.004"/>
  <testcase classname="Model.Interview" name="removeDuplicate" time="0.0"/>
</testsuite> <!-- Default test -->
