<?xml version="1.0" encoding="UTF-8"?>
<!-- Generated by org.testng.reporters.JUnitXMLReporter -->
<testsuite ignored="0" hostname="EPINCHEW0013" failures="0" tests="4" name="Test" time="5.672" errors="0" timestamp="2023-03-22T13:53:27 IST">
  <testcase classname="restTests.AddPlace" name="addPlace" time="2.385"/>
  <testcase classname="restTests.UpdatePlace" name="updatePlace" time="1.221"/>
  <testcase classname="restTests.GetPlace" name="verifyAddress" time="0.932"/>
  <testcase classname="restTests.DeletePlace" name="deletePlace" time="1.057"/>
</testsuite> <!-- Test -->
