<?xml version="1.0" encoding="UTF-8"?>
<testng-results ignored="0" total="4" passed="4" failed="0" skipped="0">
  <reporter-output>
  </reporter-output>
  <suite started-at="2023-06-15T20:08:06 IST" name="Default suite" finished-at="2023-06-15T20:08:06 IST" duration-ms="110">
    <groups>
    </groups>
    <test started-at="2023-06-15T20:08:06 IST" name="Default test" finished-at="2023-06-15T20:08:06 IST" duration-ms="110">
      <class name="Model.Interview">
        <test-method signature="duplicate()[pri:0, instance:Model.Interview@7fee8714]" started-at="2023-06-15T20:08:06 IST" name="duplicate" finished-at="2023-06-15T20:08:06 IST" duration-ms="20" status="PASS">
          <reporter-output>
          </reporter-output>
        </test-method> <!-- duplicate -->
        <test-method signature="hello()[pri:0, instance:Model.Interview@7fee8714]" started-at="2023-06-15T20:08:06 IST" name="hello" finished-at="2023-06-15T20:08:06 IST" duration-ms="3" status="PASS">
          <reporter-output>
          </reporter-output>
        </test-method> <!-- hello -->
        <test-method signature="occurence()[pri:0, instance:Model.Interview@7fee8714]" started-at="2023-06-15T20:08:06 IST" name="occurence" finished-at="2023-06-15T20:08:06 IST" duration-ms="4" status="PASS">
          <reporter-output>
          </reporter-output>
        </test-method> <!-- occurence -->
        <test-method signature="removeDuplicate()[pri:0, instance:Model.Interview@7fee8714]" started-at="2023-06-15T20:08:06 IST" name="removeDuplicate" finished-at="2023-06-15T20:08:06 IST" duration-ms="0" status="PASS">
          <reporter-output>
          </reporter-output>
        </test-method> <!-- removeDuplicate -->
      </class> <!-- Model.Interview -->
    </test> <!-- Default test -->
  </suite> <!-- Default suite -->
</testng-results>
